TN:
SF:src/anagram.js
FN:1,(anonymous_0)
FN:5,formatStr
FNF:2
FNH:2
FNDA:2,(anonymous_0)
FNDA:4,formatStr
DA:1,1
DA:2,2
DA:6,4
DA:9,1
LF:4
LH:4
BRF:0
BRH:0
end_of_record
TN:
SF:src/banco.js
FN:2,(anonymous_0)
FN:9,(anonymous_1)
FN:16,(anonymous_2)
FN:26,(anonymous_3)
FN:33,(anonymous_4)
FN:38,(anonymous_5)
FN:43,(anonymous_6)
FN:48,(anonymous_7)
FN:56,(anonymous_8)
FN:64,(anonymous_9)
FN:71,(anonymous_10)
FN:73,(anonymous_11)
FN:74,(anonymous_12)
FNF:13
FNH:13
FNDA:9,(anonymous_0)
FNDA:4,(anonymous_1)
FNDA:4,(anonymous_2)
FNDA:1,(anonymous_3)
FNDA:2,(anonymous_4)
FNDA:5,(anonymous_5)
FNDA:1,(anonymous_6)
FNDA:2,(anonymous_7)
FNDA:2,(anonymous_8)
FNDA:1,(anonymous_9)
FNDA:1,(anonymous_10)
FNDA:3,(anonymous_11)
FNDA:2,(anonymous_12)
DA:3,9
DA:4,9
DA:5,9
DA:10,4
DA:11,4
DA:12,4
DA:17,4
DA:18,1
DA:20,3
DA:21,3
DA:22,3
DA:27,1
DA:28,1
DA:29,1
DA:34,2
DA:39,5
DA:44,1
DA:49,2
DA:50,1
DA:52,1
DA:57,2
DA:58,2
DA:59,2
DA:60,2
DA:65,1
DA:66,1
DA:67,1
DA:72,1
DA:73,3
DA:74,2
DA:79,1
LF:31
LH:31
BRDA:2,0,0,0
BRDA:17,1,0,1
BRDA:17,1,1,3
BRDA:49,2,0,1
BRDA:49,2,1,1
BRF:5
BRH:4
end_of_record
TN:
SF:src/calculator.js
FN:1,(anonymous_0)
FN:5,(anonymous_1)
FN:9,(anonymous_2)
FN:13,(anonymous_3)
FNF:4
FNH:4
FNDA:1,(anonymous_0)
FNDA:1,(anonymous_1)
FNDA:1,(anonymous_2)
FNDA:1,(anonymous_3)
DA:1,1
DA:2,1
DA:5,1
DA:6,1
DA:9,1
DA:10,1
DA:13,1
DA:14,1
DA:17,1
LF:9
LH:9
BRF:0
BRH:0
end_of_record
TN:
SF:src/carro.js
FN:2,(anonymous_0)
FN:9,(anonymous_1)
FN:15,(anonymous_2)
FNF:3
FNH:3
FNDA:4,(anonymous_0)
FNDA:4,(anonymous_1)
FNDA:1,(anonymous_2)
DA:3,4
DA:4,4
DA:5,4
DA:6,4
DA:10,4
DA:11,2
DA:16,1
DA:20,1
LF:8
LH:8
BRDA:10,0,0,2
BRDA:10,0,1,2
BRF:2
BRH:2
end_of_record
TN:
SF:src/cnh.js
FN:1,(anonymous_0)
FNF:1
FNH:1
FNDA:2,(anonymous_0)
DA:1,1
DA:2,2
DA:5,1
LF:3
LH:3
BRF:0
BRH:0
end_of_record
TN:
SF:src/contaBancaria.js
FN:2,(anonymous_0)
FN:6,(anonymous_1)
FN:10,(anonymous_2)
FN:14,(anonymous_3)
FN:18,(anonymous_4)
FN:22,(anonymous_5)
FN:26,(anonymous_6)
FN:34,(anonymous_7)
FN:46,(anonymous_8)
FN:53,(anonymous_9)
FN:60,(anonymous_10)
FN:67,(anonymous_11)
FN:74,(anonymous_12)
FN:79,(anonymous_13)
FN:86,(anonymous_14)
FN:93,(anonymous_15)
FN:97,(anonymous_16)
FN:107,(anonymous_17)
FN:111,(anonymous_18)
FN:121,(anonymous_19)
FN:133,(anonymous_20)
FNF:21
FNH:21
FNDA:14,(anonymous_0)
FNDA:5,(anonymous_1)
FNDA:2,(anonymous_2)
FNDA:3,(anonymous_3)
FNDA:1,(anonymous_4)
FNDA:2,(anonymous_5)
FNDA:2,(anonymous_6)
FNDA:6,(anonymous_7)
FNDA:2,(anonymous_8)
FNDA:2,(anonymous_9)
FNDA:2,(anonymous_10)
FNDA:2,(anonymous_11)
FNDA:4,(anonymous_12)
FNDA:2,(anonymous_13)
FNDA:2,(anonymous_14)
FNDA:1,(anonymous_15)
FNDA:2,(anonymous_16)
FNDA:2,(anonymous_17)
FNDA:1,(anonymous_18)
FNDA:3,(anonymous_19)
FNDA:1,(anonymous_20)
DA:3,14
DA:7,5
DA:11,2
DA:15,3
DA:19,1
DA:23,2
DA:27,2
DA:29,1
DA:30,1
DA:31,1
DA:35,6
DA:37,5
DA:39,5
DA:41,4
DA:42,4
DA:43,4
DA:47,2
DA:49,1
DA:50,1
DA:54,2
DA:56,1
DA:57,1
DA:61,2
DA:63,1
DA:64,1
DA:68,2
DA:70,1
DA:71,1
DA:75,4
DA:76,4
DA:80,2
DA:82,1
DA:83,1
DA:87,2
DA:89,1
DA:90,1
DA:94,1
DA:98,2
DA:100,1
DA:101,1
DA:103,1
DA:104,1
DA:108,2
DA:112,1
DA:122,3
DA:123,2
DA:124,2
DA:125,2
DA:126,2
DA:127,1
DA:130,1
DA:134,1
DA:135,1
DA:136,1
DA:137,1
DA:141,1
LF:56
LH:56
BRDA:27,0,0,1
BRDA:27,0,1,1
BRDA:35,1,0,1
BRDA:35,1,1,5
BRDA:39,2,0,1
BRDA:39,2,1,4
BRDA:47,3,0,1
BRDA:47,3,1,1
BRDA:54,4,0,1
BRDA:54,4,1,1
BRDA:61,5,0,1
BRDA:61,5,1,1
BRDA:68,6,0,1
BRDA:68,6,1,1
BRDA:76,7,0,4
BRDA:76,7,1,4
BRDA:80,8,0,1
BRDA:80,8,1,1
BRDA:87,9,0,1
BRDA:87,9,1,1
BRDA:98,10,0,1
BRDA:98,10,1,1
BRDA:101,11,0,0
BRDA:101,11,1,1
BRDA:122,12,0,1
BRDA:122,12,1,2
BRDA:123,13,0,0
BRDA:123,13,1,2
BRDA:124,14,0,0
BRDA:124,14,1,2
BRDA:125,15,0,0
BRDA:125,15,1,2
BRDA:126,16,0,1
BRDA:126,16,1,1
BRF:34
BRH:30
end_of_record
TN:
SF:src/lista.js
FN:2,(anonymous_0)
FN:6,(anonymous_1)
FN:10,(anonymous_2)
FN:18,(anonymous_3)
FNF:4
FNH:4
FNDA:3,(anonymous_0)
FNDA:3,(anonymous_1)
FNDA:2,(anonymous_2)
FNDA:2,(anonymous_3)
DA:3,3
DA:7,3
DA:11,2
DA:12,2
DA:13,1
DA:15,1
DA:19,2
DA:23,1
LF:8
LH:8
BRDA:12,0,0,1
BRDA:12,0,1,1
BRF:2
BRH:2
end_of_record
TN:
SF:src/pessoa.js
FN:2,(anonymous_0)
FN:7,(anonymous_1)
FN:11,(anonymous_2)
FNF:3
FNH:3
FNDA:4,(anonymous_0)
FNDA:2,(anonymous_1)
FNDA:2,(anonymous_2)
DA:3,4
DA:4,4
DA:8,2
DA:12,2
DA:16,1
LF:5
LH:5
BRF:0
BRH:0
end_of_record
TN:
SF:src/textoUtils.js
FN:3,(anonymous_0)
FN:8,(anonymous_1)
FN:14,(anonymous_2)
FN:17,(anonymous_3)
FN:26,(anonymous_4)
FN:32,(anonymous_5)
FN:37,(anonymous_6)
FN:48,(anonymous_7)
FN:57,(anonymous_8)
FN:63,(anonymous_9)
FN:68,(anonymous_10)
FNF:11
FNH:10
FNDA:1,(anonymous_0)
FNDA:3,(anonymous_1)
FNDA:1,(anonymous_2)
FNDA:2,(anonymous_3)
FNDA:0,(anonymous_4)
FNDA:1,(anonymous_5)
FNDA:1,(anonymous_6)
FNDA:3,(anonymous_7)
FNDA:1,(anonymous_8)
FNDA:2,(anonymous_9)
FNDA:2,(anonymous_10)
DA:4,1
DA:9,3
DA:10,3
DA:15,1
DA:18,2
DA:27,0
DA:28,0
DA:33,1
DA:38,1
DA:49,3
DA:50,1
DA:52,2
DA:53,1
DA:58,1
DA:59,1
DA:64,2
DA:69,2
DA:70,1
DA:72,1
DA:76,1
LF:20
LH:18
BRDA:18,0,0,0
BRDA:18,0,1,2
BRDA:27,1,0,0
BRDA:27,1,1,0
BRDA:49,2,0,1
BRDA:49,2,1,2
BRDA:52,3,0,1
BRDA:52,3,1,1
BRDA:69,4,0,1
BRDA:69,4,1,1
BRF:10
BRH:7
end_of_record
TN:
SF:src/userService.js
FN:2,(anonymous_0)
FN:6,(anonymous_1)
FNF:2
FNH:2
FNDA:2,(anonymous_0)
FNDA:2,(anonymous_1)
DA:3,2
DA:7,2
DA:8,2
DA:9,1
DA:11,1
DA:15,1
LF:6
LH:6
BRDA:8,0,0,1
BRDA:8,0,1,1
BRF:2
BRH:2
end_of_record
TN:
SF:src/utilitarios.js
FN:2,(anonymous_0)
FN:6,(anonymous_1)
FN:10,(anonymous_2)
FN:14,(anonymous_3)
FN:18,(anonymous_4)
FN:22,(anonymous_5)
FN:26,(anonymous_6)
FN:30,(anonymous_7)
FN:34,(anonymous_8)
FN:39,(anonymous_9)
FN:43,(anonymous_10)
FN:47,(anonymous_11)
FN:51,(anonymous_12)
FN:55,(anonymous_13)
FN:59,(anonymous_14)
FN:63,(anonymous_15)
FN:67,(anonymous_16)
FN:71,(anonymous_17)
FN:75,(anonymous_18)
FN:79,(anonymous_19)
FN:83,(anonymous_20)
FN:87,(anonymous_21)
FN:89,(anonymous_22)
FN:92,(anonymous_23)
FN:96,(anonymous_24)
FN:101,(anonymous_25)
FNF:26
FNH:26
FNDA:1,(anonymous_0)
FNDA:1,(anonymous_1)
FNDA:1,(anonymous_2)
FNDA:1,(anonymous_3)
FNDA:1,(anonymous_4)
FNDA:1,(anonymous_5)
FNDA:1,(anonymous_6)
FNDA:1,(anonymous_7)
FNDA:2,(anonymous_8)
FNDA:2,(anonymous_9)
FNDA:1,(anonymous_10)
FNDA:1,(anonymous_11)
FNDA:1,(anonymous_12)
FNDA:1,(anonymous_13)
FNDA:1,(anonymous_14)
FNDA:1,(anonymous_15)
FNDA:2,(anonymous_16)
FNDA:1,(anonymous_17)
FNDA:1,(anonymous_18)
FNDA:2,(anonymous_19)
FNDA:1,(anonymous_20)
FNDA:2,(anonymous_21)
FNDA:3,(anonymous_22)
FNDA:1,(anonymous_23)
FNDA:1,(anonymous_24)
FNDA:1,(anonymous_25)
DA:3,1
DA:7,1
DA:11,1
DA:15,1
DA:19,1
DA:23,1
DA:27,1
DA:31,1
DA:35,2
DA:36,1
DA:40,2
DA:44,1
DA:48,1
DA:52,1
DA:56,1
DA:60,1
DA:64,1
DA:68,2
DA:72,1
DA:76,1
DA:80,2
DA:84,1
DA:88,2
DA:89,3
DA:93,1
DA:97,1
DA:98,1
DA:102,1
DA:106,1
LF:29
LH:29
BRDA:35,0,0,1
BRDA:35,0,1,1
BRDA:63,1,0,0
BRDA:68,2,0,2
BRDA:68,2,1,2
BRDA:79,3,0,1
BRDA:88,4,0,1
BRDA:88,4,1,1
BRF:8
BRH:7
end_of_record
TN:
SF:src/validador.js
FN:3,(anonymous_0)
FN:9,(anonymous_1)
FN:18,(anonymous_2)
FN:22,(anonymous_3)
FN:41,(anonymous_4)
FN:45,(anonymous_5)
FN:48,(anonymous_6)
FN:66,(anonymous_7)
FN:71,(anonymous_8)
FN:77,(anonymous_9)
FN:87,(anonymous_10)
FN:105,(anonymous_11)
FN:110,(anonymous_12)
FN:117,(anonymous_13)
FN:122,(anonymous_14)
FN:127,(anonymous_15)
FN:132,(anonymous_16)
FN:138,(anonymous_17)
FN:143,(anonymous_18)
FN:148,(anonymous_19)
FN:153,(anonymous_20)
FN:158,(anonymous_21)
FN:163,(anonymous_22)
FN:168,(anonymous_23)
FNF:24
FNH:24
FNDA:3,(anonymous_0)
FNDA:4,(anonymous_1)
FNDA:6,(anonymous_2)
FNDA:6,(anonymous_3)
FNDA:6,(anonymous_4)
FNDA:6,(anonymous_5)
FNDA:75,(anonymous_6)
FNDA:4,(anonymous_7)
FNDA:4,(anonymous_8)
FNDA:2,(anonymous_9)
FNDA:4,(anonymous_10)
FNDA:3,(anonymous_11)
FNDA:4,(anonymous_12)
FNDA:3,(anonymous_13)
FNDA:3,(anonymous_14)
FNDA:3,(anonymous_15)
FNDA:4,(anonymous_16)
FNDA:4,(anonymous_17)
FNDA:8,(anonymous_18)
FNDA:4,(anonymous_19)
FNDA:4,(anonymous_20)
FNDA:3,(anonymous_21)
FNDA:4,(anonymous_22)
FNDA:2,(anonymous_23)
DA:4,3
DA:5,2
DA:10,4
DA:11,2
DA:12,2
DA:13,2
DA:14,2
DA:19,6
DA:20,6
DA:22,3
DA:23,6
DA:24,6
DA:25,57
DA:27,6
DA:28,6
DA:31,3
DA:32,3
DA:34,3
DA:42,6
DA:43,6
DA:45,3
DA:46,6
DA:48,75
DA:49,6
DA:50,6
DA:53,3
DA:54,3
DA:56,3
DA:57,3
DA:59,3
DA:67,4
DA:72,4
DA:73,4
DA:78,2
DA:79,2
DA:80,1
DA:82,1
DA:88,4
DA:89,4
DA:91,2
DA:92,2
DA:93,2
DA:94,2
DA:95,2
DA:97,2
DA:106,3
DA:111,4
DA:112,3
DA:113,1
DA:118,3
DA:123,3
DA:128,3
DA:133,4
DA:134,4
DA:139,4
DA:140,4
DA:142,2
DA:143,8
DA:149,4
DA:154,4
DA:159,3
DA:164,4
DA:169,2
DA:173,1
LF:64
LH:64
BRDA:4,0,0,1
BRDA:4,0,1,2
BRDA:10,1,0,2
BRDA:10,1,1,2
BRDA:10,2,0,4
BRDA:10,2,1,3
BRDA:14,3,0,2
BRDA:14,3,1,2
BRDA:14,3,2,2
BRDA:19,4,0,6
BRDA:19,4,1,1
BRDA:20,5,0,3
BRDA:20,5,1,3
BRDA:20,6,0,6
BRDA:20,6,1,4
BRDA:28,7,0,1
BRDA:28,7,1,5
BRDA:35,8,0,3
BRDA:35,8,1,2
BRDA:42,9,0,6
BRDA:42,9,1,1
BRDA:43,10,0,3
BRDA:43,10,1,3
BRDA:43,11,0,6
BRDA:43,11,1,4
BRDA:50,12,0,1
BRDA:50,12,1,5
BRDA:60,13,0,3
BRDA:60,13,1,2
BRDA:67,14,0,4
BRDA:67,14,1,1
BRDA:72,15,0,4
BRDA:72,15,1,1
BRDA:73,16,0,4
BRDA:73,16,1,3
BRDA:88,17,0,4
BRDA:88,17,1,1
BRDA:89,18,0,2
BRDA:89,18,1,2
BRDA:98,19,0,2
BRDA:98,19,1,2
BRDA:98,19,2,1
BRDA:106,20,0,3
BRDA:106,20,1,2
BRDA:111,21,0,1
BRDA:111,21,1,3
BRDA:111,22,0,4
BRDA:111,22,1,3
BRDA:112,23,0,2
BRDA:112,23,1,1
BRDA:118,24,0,3
BRDA:118,24,1,1
BRDA:123,25,0,3
BRDA:123,25,1,1
BRDA:128,26,0,3
BRDA:128,26,1,1
BRDA:133,27,0,4
BRDA:133,27,1,1
BRDA:134,28,0,4
BRDA:134,28,1,3
BRDA:139,29,0,4
BRDA:139,29,1,1
BRDA:140,30,0,2
BRDA:140,30,1,2
BRDA:143,31,0,8
BRDA:143,31,1,8
BRDA:149,32,0,4
BRDA:149,32,1,1
BRDA:154,33,0,4
BRDA:154,33,1,3
BRDA:154,33,2,3
BRDA:159,34,0,3
BRDA:159,34,1,2
BRDA:164,35,0,4
BRDA:164,35,1,1
BRF:75
BRH:75
end_of_record
